2022-06-09 00:11:51: INFO: vocabulary size:40001 
2022-06-09 00:12:02: INFO: vocabulary size:40001 
2022-06-09 00:12:02: CRITICAL: this is KeyError 
Traceback (most recent call last):
  File "/home/projects/TFpackageText/textMG/embeddings/word_embeddings.py", line 46, in get_embeddings
    embedding_vector = self.w2v_model.wv[word]
  File "/opt/miniconda3/envs/tf1_15/lib/python3.7/site-packages/gensim/models/keyedvectors.py", line 395, in __getitem__
    return self.get_vector(key_or_keys)
  File "/opt/miniconda3/envs/tf1_15/lib/python3.7/site-packages/gensim/models/keyedvectors.py", line 438, in get_vector
    index = self.get_index(key)
  File "/opt/miniconda3/envs/tf1_15/lib/python3.7/site-packages/gensim/models/keyedvectors.py", line 412, in get_index
    raise KeyError(f"Key '{key}' not present")
KeyError: "Key '<PAD>' not present"
2022-06-09 00:12:02: CRITICAL: the excepted word is:<PAD> 
2022-06-09 00:12:03: INFO: input_length is: 6 
2022-06-09 00:12:03: INFO: vocabulary size:40001 
2022-06-09 00:12:06: WARNING: From /home/projects/TFpackageText/textMG/models/model_cnn_category.py:18: The name tf.variable_scope is deprecated. Please use tf.compat.v1.variable_scope instead.
 
2022-06-09 00:12:06: WARNING: From /home/projects/TFpackageText/textMG/models/model_cnn_category.py:19: The name tf.get_variable is deprecated. Please use tf.compat.v1.get_variable instead.
 
2022-06-09 00:12:06: WARNING: From /home/projects/TFpackageText/textMG/models/model_cnn_category.py:28: conv2d (from tensorflow.python.layers.convolutional) is deprecated and will be removed in a future version.
Instructions for updating:
Use `tf.keras.layers.Conv2D` instead. 
2022-06-09 00:12:06: WARNING: From /opt/miniconda3/envs/tf1_15/lib/python3.7/site-packages/tensorflow_core/python/layers/convolutional.py:424: Layer.apply (from tensorflow.python.keras.engine.base_layer) is deprecated and will be removed in a future version.
Instructions for updating:
Please use `layer.__call__` method instead. 
2022-06-09 00:12:06: WARNING: From /home/projects/TFpackageText/textMG/models/model_cnn_category.py:30: max_pooling2d (from tensorflow.python.layers.pooling) is deprecated and will be removed in a future version.
Instructions for updating:
Use keras.layers.MaxPooling2D instead. 
2022-06-09 00:12:06: WARNING: 
The TensorFlow contrib module will not be included in TensorFlow 2.0.
For more information, please see:
  * https://github.com/tensorflow/community/blob/master/rfcs/20180907-contrib-sunset.md
  * https://github.com/tensorflow/addons
  * https://github.com/tensorflow/io (for I/O related ops)
If you depend on functionality not listed there, please file an issue.
 
2022-06-09 00:12:06: WARNING: From /opt/miniconda3/envs/tf1_15/lib/python3.7/site-packages/tensorflow_core/contrib/layers/python/layers/layers.py:1634: flatten (from tensorflow.python.layers.core) is deprecated and will be removed in a future version.
Instructions for updating:
Use keras.layers.flatten instead. 
2022-06-09 00:12:06: WARNING: From /home/projects/TFpackageText/textMG/models/model_cnn_category.py:43: dense (from tensorflow.python.layers.core) is deprecated and will be removed in a future version.
Instructions for updating:
Use keras.layers.Dense instead. 
2022-06-09 00:12:06: WARNING: From /home/projects/TFpackageText/textMG/models/model_cnn_category.py:45: dropout (from tensorflow.python.layers.core) is deprecated and will be removed in a future version.
Instructions for updating:
Use keras.layers.dropout instead. 
2022-06-09 00:12:07: WARNING: From /home/projects/TFpackageText/textMG/main_multiGPU.py:306: The name tf.global_variables_initializer is deprecated. Please use tf.compat.v1.global_variables_initializer instead.
 
2022-06-09 00:12:07: WARNING: From /home/projects/TFpackageText/textMG/main_multiGPU.py:307: The name tf.train.Saver is deprecated. Please use tf.compat.v1.train.Saver instead.
 
2022-06-09 00:12:07: WARNING: From /home/projects/TFpackageText/textMG/main_multiGPU.py:309: The name tf.Session is deprecated. Please use tf.compat.v1.Session instead.
 
2022-06-09 00:12:09: INFO: restoring mode from: /home/projects/tensorflow_practice/save_model/multi_cnn_category_tf1/cnn_category.ckpt-3 
2022-06-09 00:12:09: INFO: Restoring parameters from /home/projects/tensorflow_practice/save_model/multi_cnn_category_tf1/cnn_category.ckpt-3 
2022-06-09 00:12:14: DEBUG: categories: ['entertainment'] 
2022-06-09 00:12:14: DEBUG: pred_logits: [[0.01302854 0.32980093 0.20372    0.29014    0.16331056]] 
2022-06-09 00:12:14: DEBUG: time_used: 11.46s 
2022-06-09 00:12:14: DEBUG: {'records': {'0': {'category': 'entertainment', 'label': '1', 'pred_logits': '[0.013028537854552269, 0.32980093359947205, 0.20372000336647034, 0.2901400029659271, 0.16331055760383606]'}}, 'time_used': '11.459742784500122'} 
