2022-05-22 15:28:56: DEBUG: server is: 192.168.1.5:8500 
2022-05-22 15:28:56: INFO: Attempting to predict against TF Serving API. 
2022-05-22 15:28:56: INFO: model_version used is: 1 
2022-05-22 15:28:56: INFO: time_used for infer: 0.3855 
2022-05-22 15:29:00: DEBUG: server is: 192.168.1.5:8500 
2022-05-22 15:29:00: INFO: Attempting to predict against TF Serving API. 
2022-05-22 15:29:00: INFO: model_version used is: 1 
2022-05-22 15:29:00: INFO: time_used for infer: 0.2448 
2022-05-22 15:29:02: DEBUG: server is: 192.168.1.5:8500 
2022-05-22 15:29:02: INFO: Attempting to predict against TF Serving API. 
2022-05-22 15:29:02: INFO: model_version used is: 1 
2022-05-22 15:29:02: INFO: time_used for infer: 0.2950 
2022-05-22 15:29:04: DEBUG: server is: 192.168.1.5:8500 
2022-05-22 15:29:04: INFO: Attempting to predict against TF Serving API. 
2022-05-22 15:29:05: INFO: model_version used is: 1 
2022-05-22 15:29:05: INFO: time_used for infer: 0.1603 
120697]'}, '3': {'category': 'entertainment', 'label': '1', 'pred_logits': '[0.012667973525822163, 0.3324023485183716, 0.20229628682136536, 0.29085370898246765, 0.1617797464132309]'}, '4': {'category': 'entertainment', 'label': '1', 'pred_logits': '[0.012667973525822163, 0.3324023485183716, 0.20229628682136536, 0.29085370898246765, 0.1617797464132309]'}, '5': {'category': 'entertainment', 'label': '1', 'pred_logits': '[0.012667972594499588, 0.3324023187160492, 0.20229627192020416, 0.29085367918014526, 0.1617797315120697]'}, '6': {'category': 'entertainment', 'label': '1', 'pred_logits': '[0.012667972594499588, 0.3324023187160492, 0.20229627192020416, 0.29085367918014526, 0.1617797315120697]'}, '7': {'category': 'entertainment', 'label': '1', 'pred_logits': '[0.012667973525822163, 0.3324023485183716, 0.20229628682136536, 0.29085370898246765, 0.1617797464132309]'}, '8': {'category': 'entertainment', 'label': '1', 'pred_logits': '[0.012667973525822163, 0.3324023485183716, 0.20229628682136536, 0.29085370898246765, 0.1617797464132309]'}, '9': {'category': 'entertainment', 'label': '1', 'pred_logits': '[0.012667972594499588, 0.3324023187160492, 0.20229627192020416, 0.29085367918014526, 0.1617797315120697]'}}, 'time_used': '4.49227499961853'} 
2022-05-22 15:28:31: DEBUG: inference api is called, the inference is started 
2022-05-22 15:28:31: DEBUG: batch_infer is: batch_infer=[2022-05-22 15:28:56: DEBUG: iproducer_consumer_infer is called, the inference is started 
2022-05-22 15:28:56: DEBUG: batch_infer is: batch_infer=['我爱祖国的天安门', '我爱祖国的天安门', '我爱祖国的天安门', '我爱祖国的天安门', '我爱祖国的天安门', '我爱祖国的天安门', '我爱祖国的天安门', '我爱祖国的天安门', '我爱祖国的天安门', '我爱祖国的天安门'] 
2022-05-22 15:28:56: DEBUG: {"logits": "[0.0126680051907897, 0.33240240812301636, 0.20229634642601013, 0.29085350036621094, 0.16177980601787567, 0.0126680051907897, 0.33240240812301636, 0.20229634642601013, 0.29085350036621094, 0.16177980601787567, 0.0126680051907897, 0.33240240812301636, 0.20229634642601013, 0.29085350036621094, 0.16177980601787567, 0.0126680051907897, 0.33240240812301636, 0.20229634642601013, 0.29085350036621094, 0.16177980601787567, 0.0126680051907897, 0.33240240812301636, 0.20229634642601013, 0.29085350036621094, 0.16177980601787567, 0.0126680051907897, 0.33240240812301636, 0.20229634642601013, 0.29085350036621094, 0.16177980601787567, 0.0126680051907897, 0.33240240812301636, 0.20229634642601013, 0.29085350036621094, 0.16177980601787567, 0.0126680051907897, 0.33240240812301636, 0.20229634642601013, 0.29085350036621094, 0.16177980601787567, 0.0126680051907897, 0.33240240812301636, 0.20229634642601013, 0.29085350036621094, 0.16177980601787567, 0.0126680051907897, 0.33240240812301636, 0.20229634642601013, 0.29085350036621094, 0.16177980601787567]", "preds": "[1, 1, 1, 1, 1, 1, 1, 1, 1, 1]", "infer_time": "0.3855"} 
2022-05-22 15:29:00: DEBUG: iproducer_consumer_infer is called, the inference is started 
2022-05-22 15:29:00: DEBUG: batch_infer is: batch_infer=['我爱祖国的天安门', '我爱祖国的天安门', '我爱祖国的天安门', '我爱祖国的天安门', '我爱祖国的天安门', '我爱祖国的天安门', '我爱祖国的天安门', '我爱祖国的天安门', '我爱祖国的天安门', '我爱祖国的天安门'] 
2022-05-22 15:29:00: DEBUG: {"logits": "[0.0126680051907897, 0.33240240812301636, 0.20229634642601013, 0.29085350036621094, 0.16177980601787567, 0.0126680051907897, 0.33240240812301636, 0.20229634642601013, 0.29085350036621094, 0.16177980601787567, 0.0126680051907897, 0.33240240812301636, 0.20229634642601013, 0.29085350036621094, 0.16177980601787567, 0.0126680051907897, 0.33240240812301636, 0.20229634642601013, 0.29085350036621094, 0.16177980601787567, 0.0126680051907897, 0.33240240812301636, 0.20229634642601013, 0.29085350036621094, 0.16177980601787567, 0.0126680051907897, 0.33240240812301636, 0.20229634642601013, 0.29085350036621094, 0.16177980601787567, 0.0126680051907897, 0.33240240812301636, 0.20229634642601013, 0.29085350036621094, 0.16177980601787567, 0.0126680051907897, 0.33240240812301636, 0.20229634642601013, 0.29085350036621094, 0.16177980601787567, 0.0126680051907897, 0.33240240812301636, 0.20229634642601013, 0.29085350036621094, 0.16177980601787567, 0.0126680051907897, 0.33240240812301636, 0.20229634642601013, 0.29085350036621094, 0.16177980601787567]", "preds": "[1, 1, 1, 1, 1, 1, 1, 1, 1, 1]", "infer_time": "0.2448"} 
2022-05-22 15:29:02: DEBUG: iproducer_consumer_infer is called, the inference is started 
2022-05-22 15:29:02: DEBUG: batch_infer is: batch_infer=['我爱祖国的天安门', '我爱祖国的天安门', '我爱祖国的天安门', '我爱祖国的天安门', '我爱祖国的天安门', '我爱祖国的天安门', '我爱祖国的天安门', '我爱祖国的天安门', '我爱祖国的天安门', '我爱祖国的天安门'] 
2022-05-22 15:29:02: DEBUG: {"logits": "[0.0126680051907897, 0.33240240812301636, 0.20229634642601013, 0.29085350036621094, 0.16177980601787567, 0.0126680051907897, 0.33240240812301636, 0.20229634642601013, 0.29085350036621094, 0.16177980601787567, 0.0126680051907897, 0.33240240812301636, 0.20229634642601013, 0.29085350036621094, 0.16177980601787567, 0.0126680051907897, 0.33240240812301636, 0.20229634642601013, 0.29085350036621094, 0.16177980601787567, 0.0126680051907897, 0.33240240812301636, 0.20229634642601013, 0.29085350036621094, 0.16177980601787567, 0.0126680051907897, 0.33240240812301636, 0.20229634642601013, 0.29085350036621094, 0.16177980601787567, 0.0126680051907897, 0.33240240812301636, 0.20229634642601013, 0.29085350036621094, 0.16177980601787567, 0.0126680051907897, 0.33240240812301636, 0.20229634642601013, 0.29085350036621094, 0.16177980601787567, 0.0126680051907897, 0.33240240812301636, 0.20229634642601013, 0.29085350036621094, 0.16177980601787567, 0.0126680051907897, 0.33240240812301636, 0.20229634642601013, 0.29085350036621094, 0.16177980601787567]", "preds": "[1, 1, 1, 1, 1, 1, 1, 1, 1, 1]", "infer_time": "0.2950"} 
2022-05-22 15:29:04: DEBUG: iproducer_consumer_infer is called, the inference is started 
2022-05-22 15:29:04: DEBUG: batch_infer is: batch_infer=['我爱祖国的天安门', '我爱祖国的天安门', '我爱祖国的天安门', '我爱祖国的天安门', '我爱祖国的天安门', '我爱祖国的天安门', '我爱祖国的天安门', '我爱祖国的天安门', '我爱祖国的天安门', '我爱祖国的天安门'] 
2022-05-22 15:29:05: DEBUG: {"logits": "[0.0126680051907897, 0.33240240812301636, 0.20229634642601013, 0.29085350036621094, 0.16177980601787567, 0.0126680051907897, 0.33240240812301636, 0.20229634642601013, 0.29085350036621094, 0.16177980601787567, 0.0126680051907897, 0.33240240812301636, 0.20229634642601013, 0.29085350036621094, 0.16177980601787567, 0.0126680051907897, 0.33240240812301636, 0.20229634642601013, 0.29085350036621094, 0.16177980601787567, 0.0126680051907897, 0.33240240812301636, 0.20229634642601013, 0.29085350036621094, 0.16177980601787567, 0.0126680051907897, 0.33240240812301636, 0.20229634642601013, 0.29085350036621094, 0.16177980601787567, 0.0126680051907897, 0.33240240812301636, 0.20229634642601013, 0.29085350036621094, 0.16177980601787567, 0.0126680051907897, 0.33240240812301636, 0.20229634642601013, 0.29085350036621094, 0.16177980601787567, 0.0126680051907897, 0.33240240812301636, 0.20229634642601013, 0.29085350036621094, 0.16177980601787567, 0.0126680051907897, 0.33240240812301636, 0.20229634642601013, 0.29085350036621094, 0.16177980601787567]", "preds": "[1, 1, 1, 1, 1, 1, 1, 1, 1, 1]", "infer_time": "0.1603"} 
085350036621094, 0.16177980601787567, 0.0126680051907897, 0.33240240812301636, 0.20229634642601013, 0.29085350036621094, 0.16177980601787567, 0.0126680051907897, 0.33240240812301636, 0.20229634642601013, 0.29085350036621094, 0.16177980601787567, 0.0126680051907897, 0.33240240812301636, 0.20229634642601013, 0.29085350036621094, 0.16177980601787567, 0.0126680051907897, 0.33240240812301636, 0.20229634642601013, 0.29085350036621094, 0.16177980601787567, 0.0126680051907897, 0.33240240812301636, 0.20229634642601013, 0.29085350036621094, 0.16177980601787567, 0.0126680051907897, 0.33240240812301636, 0.20229634642601013, 0.29085350036621094, 0.16177980601787567, 0.0126680051907897, 0.33240240812301636, 0.20229634642601013, 0.29085350036621094, 0.16177980601787567, 0.0126680051907897, 0.33240240812301636, 0.20229634642601013, 0.29085350036621094, 0.16177980601787567, 0.0126680051907897, 0.33240240812301636, 0.20229634642601013, 0.29085350036621094, 0.16177980601787567]', 'preds': '[1, 1, 1, 1, 1, 1, 1, 1, 1, 1]', 'infer_time': '0.1789'} 
2022-05-22 15:28:50: DEBUG: inference api is called, the inference is started 
2022-05-22 15:28:50: DEBUG: batch_infer is: batch_infer=['我爱祖国的天安门', '我爱祖国的天安门', '我爱祖国的天安门', '我爱祖国的天安门', '我爱祖国的天安门', '我爱祖国的天安门', '我爱祖国的天安门', '我爱祖国的天安门', '我爱祖国的天安门', '我爱祖国的天安门'] 
2022-05-22 15:28:50: INFO: time_used for data processing: 0.0072 
2022-05-22 15:28:50: DEBUG: server is: 192.168.1.5:8500 
2022-05-22 15:28:50: INFO: Attempting to predict against TF Serving API. 
2022-05-22 15:28:50: INFO: model_version used is: 1 
2022-05-22 15:28:50: INFO: time_used for infer: 0.2086 
2022-05-22 15:28:50: DEBUG: {'logits': '[0.0126680051907897, 0.33240240812301636, 0.20229634642601013, 0.29085350036621094, 0.16177980601787567, 0.0126680051907897, 0.33240240812301636, 0.20229634642601013, 0.29085350036621094, 0.16177980601787567, 0.0126680051907897, 0.33240240812301636, 0.20229634642601013, 0.29085350036621094, 0.16177980601787567, 0.0126680051907897, 0.33240240812301636, 0.20229634642601013, 0.29085350036621094, 0.16177980601787567, 0.0126680051907897, 0.33240240812301636, 0.20229634642601013, 0.29085350036621094, 0.16177980601787567, 0.0126680051907897, 0.33240240812301636, 0.20229634642601013, 0.29085350036621094, 0.16177980601787567, 0.0126680051907897, 0.33240240812301636, 0.20229634642601013, 0.29085350036621094, 0.16177980601787567, 0.0126680051907897, 0.33240240812301636, 0.20229634642601013, 0.29085350036621094, 0.16177980601787567, 0.0126680051907897, 0.33240240812301636, 0.20229634642601013, 0.29085350036621094, 0.16177980601787567, 0.0126680051907897, 0.33240240812301636, 0.20229634642601013, 0.29085350036621094, 0.16177980601787567]', 'preds': '[1, 1, 1, 1, 1, 1, 1, 1, 1, 1]', 'infer_time': '0.2085'} 
